ISim log file
Running: C:\Users\10791\P4_CPU_PLUS\test_isim_beh.exe -intstyle ise -gui -tclbatch isim.cmd -wdb C:/Users/10791/P4_CPU_PLUS/test_isim_beh.wdb 
ISim P.20131013 (signature 0x7708f090)
----------------------------------------------------------------------
WARNING:Security:42 - Your software subscription period has lapsed. Your current version of Xilinx tools will continue to function, but you no longer qualify for Xilinx software updates or new releases.


----------------------------------------------------------------------
This is a Full version of ISim.
Time resolution is 1 ps
# onerror resume
# wave add /
# run 1000 ns
Simulator is doing circuit initialization process.
Finished circuit initialization process.
@00003000: $ 8 <= ffff0000
@00003004: $ 8 <= 12340000
@00003008: $ 9 <= 12340000
@0000300c: $ 8 <= 12345678
@00003010: $ 9 <= 12345678
@00003014: $ 8 <= 00000000
@00003018: $ 8 <= 12345678
@0000301c: $ 9 <= 00000000
@00003020: *00000000 <= 00000000
@0000302c: $ 9 <= 00000000
@00003030: $ 9 <= 12345678
@00003034: $ 8 <= 00000000
@00003038: $ 9 <= 0000000a
@0000303c: $10 <= 00000001
@00003044: $ 8 <= 00000001
@00003044: $ 8 <= 00000002
@00003044: $ 8 <= 00000003
@00003044: $ 8 <= 00000004
@00003044: $ 8 <= 00000005
@00003044: $ 8 <= 00000006
@00003044: $ 8 <= 00000007
@00003044: $ 8 <= 00000008
@00003044: $ 8 <= 00000009
@00003044: $ 8 <= 0000000a
@00003050: $31 <= 00003054
@00003054: $11 <= 00000001
@00003058: $12 <= 00000002
@00003054: $11 <= 00000002
@00003058: $12 <= 00000004
@00003054: $11 <= 00000003
@00003058: $12 <= 00000006
@00003054: $11 <= 00000004
@00003058: $12 <= 00000008
@00003054: $11 <= 00000005
@00003058: $12 <= 0000000a
@00003054: $11 <= 00000006
@00003058: $12 <= 0000000c
@00003054: $11 <= 00000007
@00003058: $12 <= 0000000e
@00003054: $11 <= 00000008
@00003058: $12 <= 00000010
@00003054: $11 <= 00000009
@00003058: $12 <= 00000012
@00003054: $11 <= 0000000a
@00003058: $12 <= 00000014
@00003054: $11 <= 0000000b
@00003058: $12 <= 00000016
@00003054: $11 <= 0000000c
@00003058: $12 <= 00000018
@00003054: $11 <= 0000000d
@00003058: $12 <= 0000001a
@00003054: $11 <= 0000000e
@00003058: $12 <= 0000001c
@00003054: $11 <= 0000000f
@00003058: $12 <= 0000001e
@00003054: $11 <= 00000010
@00003058: $12 <= 00000020
@00003054: $11 <= 00000011
@00003058: $12 <= 00000022
@00003054: $11 <= 00000012
@00003058: $12 <= 00000024
@00003054: $11 <= 00000013
@00003058: $12 <= 00000026
@00003054: $11 <= 00000014
@00003058: $12 <= 00000028
@00003054: $11 <= 00000015
@00003058: $12 <= 0000002a
@00003054: $11 <= 00000016
@00003058: $12 <= 0000002c
@00003054: $11 <= 00000017
@00003058: $12 <= 0000002e
@00003054: $11 <= 00000018
@00003058: $12 <= 00000030
@00003054: $11 <= 00000019
@00003058: $12 <= 00000032
@00003054: $11 <= 0000001a
@00003058: $12 <= 00000034
@00003054: $11 <= 0000001b
@00003058: $12 <= 00000036
@00003054: $11 <= 0000001c
@00003058: $12 <= 00000038
@00003054: $11 <= 0000001d
@00003058: $12 <= 0000003a
@00003054: $11 <= 0000001e
@00003058: $12 <= 0000003c
@00003054: $11 <= 0000001f
@00003058: $12 <= 0000003e
@00003054: $11 <= 00000020
@00003058: $12 <= 00000040
@00003054: $11 <= 00000021
@00003058: $12 <= 00000042
@00003054: $11 <= 00000022
@00003058: $12 <= 00000044
@00003054: $11 <= 00000023
@00003058: $12 <= 00000046
@00003054: $11 <= 00000024
@00003058: $12 <= 00000048
@00003054: $11 <= 00000025
@00003058: $12 <= 0000004a
@00003054: $11 <= 00000026
@00003058: $12 <= 0000004c
@00003054: $11 <= 00000027
@00003058: $12 <= 0000004e
@00003054: $11 <= 00000028
@00003058: $12 <= 00000050
@00003054: $11 <= 00000029
@00003058: $12 <= 00000052
@00003054: $11 <= 0000002a
@00003058: $12 <= 00000054
@00003054: $11 <= 0000002b
@00003058: $12 <= 00000056
@00003054: $11 <= 0000002c
@00003058: $12 <= 00000058
@00003054: $11 <= 0000002d
@00003058: $12 <= 0000005a
@00003054: $11 <= 0000002e
@00003058: $12 <= 0000005c
@00003054: $11 <= 0000002f
@00003058: $12 <= 0000005e
@00003054: $11 <= 00000030
@00003058: $12 <= 00000060
@00003054: $11 <= 00000031
@00003058: $12 <= 00000062
@00003054: $11 <= 00000032
@00003058: $12 <= 00000064
@00003054: $11 <= 00000033
@00003058: $12 <= 00000066
@00003054: $11 <= 00000034
@00003058: $12 <= 00000068
@00003054: $11 <= 00000035
@00003058: $12 <= 0000006a
@00003054: $11 <= 00000036
@00003058: $12 <= 0000006c
@00003054: $11 <= 00000037
@00003058: $12 <= 0000006e
@00003054: $11 <= 00000038
@00003058: $12 <= 00000070
@00003054: $11 <= 00000039
@00003058: $12 <= 00000072
@00003054: $11 <= 0000003a
@00003058: $12 <= 00000074
@00003054: $11 <= 0000003b
@00003058: $12 <= 00000076
@00003054: $11 <= 0000003c
@00003058: $12 <= 00000078
@00003054: $11 <= 0000003d
@00003058: $12 <= 0000007a
@00003054: $11 <= 0000003e
@00003058: $12 <= 0000007c
@00003054: $11 <= 0000003f
@00003058: $12 <= 0000007e
@00003054: $11 <= 00000040
@00003058: $12 <= 00000080
@00003054: $11 <= 00000041
@00003058: $12 <= 00000082
@00003054: $11 <= 00000042
@00003058: $12 <= 00000084
@00003054: $11 <= 00000043
@00003058: $12 <= 00000086
@00003054: $11 <= 00000044
@00003058: $12 <= 00000088
